{"/Users/alexandraclaudiabrad/Documents/Study/Projects/authentication-app/server/config/index.ts": {"path":"/Users/alexandraclaudiabrad/Documents/Study/Projects/authentication-app/server/config/index.ts","statementMap":{"0":{"start":{"line":1,"column":0},"end":{"line":1,"column":28}},"1":{"start":{"line":3,"column":0},"end":{"line":3,"column":16}},"2":{"start":{"line":5,"column":0},"end":{"line":11,"column":2}}},"fnMap":{},"branchMap":{},"s":{"0":5,"1":5,"2":5},"f":{},"b":{}}
,"/Users/alexandraclaudiabrad/Documents/Study/Projects/authentication-app/server/src/app.ts": {"path":"/Users/alexandraclaudiabrad/Documents/Study/Projects/authentication-app/server/src/app.ts","statementMap":{"0":{"start":{"line":1,"column":0},"end":{"line":1,"column":26}},"1":{"start":{"line":2,"column":0},"end":{"line":2,"column":47}},"2":{"start":{"line":3,"column":0},"end":{"line":3,"column":24}},"3":{"start":{"line":4,"column":0},"end":{"line":4,"column":28}},"4":{"start":{"line":5,"column":0},"end":{"line":5,"column":37}},"5":{"start":{"line":6,"column":0},"end":{"line":6,"column":43}},"6":{"start":{"line":7,"column":0},"end":{"line":7,"column":59}},"7":{"start":{"line":8,"column":0},"end":{"line":8,"column":35}},"8":{"start":{"line":10,"column":0},"end":{"line":10,"column":46}},"9":{"start":{"line":11,"column":0},"end":{"line":11,"column":40}},"10":{"start":{"line":12,"column":0},"end":{"line":12,"column":40}},"11":{"start":{"line":13,"column":0},"end":{"line":13,"column":39}},"12":{"start":{"line":14,"column":0},"end":{"line":14,"column":44}},"13":{"start":{"line":15,"column":0},"end":{"line":15,"column":49}},"14":{"start":{"line":16,"column":0},"end":{"line":16,"column":49}},"15":{"start":{"line":17,"column":0},"end":{"line":17,"column":51}},"16":{"start":{"line":18,"column":0},"end":{"line":18,"column":77}},"17":{"start":{"line":19,"column":0},"end":{"line":19,"column":77}},"18":{"start":{"line":21,"column":25},"end":{"line":21,"column":34}},"19":{"start":{"line":22,"column":0},"end":{"line":22,"column":43}},"20":{"start":{"line":23,"column":0},"end":{"line":23,"column":45}},"21":{"start":{"line":24,"column":0},"end":{"line":24,"column":43}},"22":{"start":{"line":25,"column":0},"end":{"line":25,"column":63}},"23":{"start":{"line":26,"column":0},"end":{"line":26,"column":63}},"24":{"start":{"line":29,"column":0},"end":{"line":29,"column":51}},"25":{"start":{"line":30,"column":0},"end":{"line":30,"column":27}},"26":{"start":{"line":33,"column":0},"end":{"line":37,"column":2}},"27":{"start":{"line":38,"column":0},"end":{"line":38,"column":18}},"28":{"start":{"line":41,"column":0},"end":{"line":41,"column":20}},"29":{"start":{"line":42,"column":0},"end":{"line":42,"column":23}},"30":{"start":{"line":43,"column":0},"end":{"line":43,"column":20}},"31":{"start":{"line":44,"column":0},"end":{"line":44,"column":19}},"32":{"start":{"line":45,"column":0},"end":{"line":45,"column":20}},"33":{"start":{"line":48,"column":0},"end":{"line":48,"column":72}},"34":{"start":{"line":50,"column":0},"end":{"line":50,"column":19}}},"fnMap":{},"branchMap":{},"s":{"0":1,"1":1,"2":1,"3":1,"4":1,"5":1,"6":1,"7":1,"8":1,"9":1,"10":1,"11":1,"12":1,"13":1,"14":1,"15":1,"16":1,"17":1,"18":1,"19":1,"20":1,"21":1,"22":1,"23":1,"24":1,"25":1,"26":1,"27":1,"28":1,"29":1,"30":1,"31":1,"32":1,"33":1,"34":1},"f":{},"b":{}}
,"/Users/alexandraclaudiabrad/Documents/Study/Projects/authentication-app/server/src/dataBase/connectionDB.ts": {"path":"/Users/alexandraclaudiabrad/Documents/Study/Projects/authentication-app/server/src/dataBase/connectionDB.ts","statementMap":{"0":{"start":{"line":1,"column":0},"end":{"line":1,"column":37}},"1":{"start":{"line":2,"column":0},"end":{"line":2,"column":34}},"2":{"start":{"line":4,"column":0},"end":{"line":4,"column":35}},"3":{"start":{"line":5,"column":0},"end":{"line":5,"column":35}},"4":{"start":{"line":7,"column":13},"end":{"line":7,"column":24}},"5":{"start":{"line":8,"column":17},"end":{"line":8,"column":32}},"6":{"start":{"line":10,"column":18},"end":{"line":19,"column":2}},"7":{"start":{"line":21,"column":0},"end":{"line":21,"column":25}}},"fnMap":{},"branchMap":{},"s":{"0":4,"1":4,"2":4,"3":4,"4":4,"5":4,"6":4,"7":4},"f":{},"b":{}}
,"/Users/alexandraclaudiabrad/Documents/Study/Projects/authentication-app/server/src/dataBase/entities/Team.ts": {"path":"/Users/alexandraclaudiabrad/Documents/Study/Projects/authentication-app/server/src/dataBase/entities/Team.ts","statementMap":{"0":{"start":{"line":1,"column":0},"end":{"line":1,"column":null}},"1":{"start":{"line":11,"column":0},"end":{"line":11,"column":26}},"2":{"start":{"line":14,"column":0},"end":{"line":33,"column":null}},"3":{"start":{"line":16,"column":2},"end":{"line":16,"column":null}},"4":{"start":{"line":19,"column":2},"end":{"line":19,"column":null}},"5":{"start":{"line":26,"column":2},"end":{"line":26,"column":null}},"6":{"start":{"line":22,"column":19},"end":{"line":22,"column":23}},"7":{"start":{"line":22,"column":35},"end":{"line":22,"column":51}},"8":{"start":{"line":32,"column":2},"end":{"line":32,"column":null}},"9":{"start":{"line":28,"column":20},"end":{"line":28,"column":24}},"10":{"start":{"line":28,"column":36},"end":{"line":28,"column":46}},"11":{"start":{"line":14,"column":21},"end":{"line":33,"column":null}},"12":{"start":{"line":14,"column":21},"end":{"line":14,"column":null}}},"fnMap":{"0":{"name":"(anonymous_3)","decl":{"start":{"line":22,"column":13},"end":{"line":22,"column":16}},"loc":{"start":{"line":22,"column":19},"end":{"line":22,"column":23}}},"1":{"name":"(anonymous_4)","decl":{"start":{"line":22,"column":25},"end":{"line":22,"column":26}},"loc":{"start":{"line":22,"column":35},"end":{"line":22,"column":51}}},"2":{"name":"(anonymous_5)","decl":{"start":{"line":28,"column":14},"end":{"line":28,"column":17}},"loc":{"start":{"line":28,"column":20},"end":{"line":28,"column":24}}},"3":{"name":"(anonymous_6)","decl":{"start":{"line":28,"column":26},"end":{"line":28,"column":27}},"loc":{"start":{"line":28,"column":36},"end":{"line":28,"column":46}}}},"branchMap":{},"s":{"0":5,"1":5,"2":5,"3":5,"4":5,"5":5,"6":0,"7":0,"8":5,"9":0,"10":0,"11":5,"12":5},"f":{"0":0,"1":0,"2":0,"3":0},"b":{}}
,"/Users/alexandraclaudiabrad/Documents/Study/Projects/authentication-app/server/src/dataBase/entities/User.ts": {"path":"/Users/alexandraclaudiabrad/Documents/Study/Projects/authentication-app/server/src/dataBase/entities/User.ts","statementMap":{"0":{"start":{"line":1,"column":0},"end":{"line":1,"column":null}},"1":{"start":{"line":9,"column":0},"end":{"line":9,"column":26}},"2":{"start":{"line":12,"column":0},"end":{"line":31,"column":null}},"3":{"start":{"line":14,"column":2},"end":{"line":14,"column":null}},"4":{"start":{"line":17,"column":2},"end":{"line":17,"column":null}},"5":{"start":{"line":20,"column":2},"end":{"line":20,"column":null}},"6":{"start":{"line":23,"column":2},"end":{"line":23,"column":null}},"7":{"start":{"line":27,"column":2},"end":{"line":27,"column":null}},"8":{"start":{"line":26,"column":19},"end":{"line":26,"column":23}},"9":{"start":{"line":26,"column":35},"end":{"line":26,"column":45}},"10":{"start":{"line":30,"column":2},"end":{"line":30,"column":null}},"11":{"start":{"line":29,"column":20},"end":{"line":29,"column":24}},"12":{"start":{"line":29,"column":36},"end":{"line":29,"column":48}},"13":{"start":{"line":12,"column":21},"end":{"line":31,"column":null}},"14":{"start":{"line":12,"column":21},"end":{"line":12,"column":null}}},"fnMap":{"0":{"name":"(anonymous_3)","decl":{"start":{"line":26,"column":13},"end":{"line":26,"column":16}},"loc":{"start":{"line":26,"column":19},"end":{"line":26,"column":23}}},"1":{"name":"(anonymous_4)","decl":{"start":{"line":26,"column":25},"end":{"line":26,"column":26}},"loc":{"start":{"line":26,"column":35},"end":{"line":26,"column":45}}},"2":{"name":"(anonymous_5)","decl":{"start":{"line":29,"column":14},"end":{"line":29,"column":17}},"loc":{"start":{"line":29,"column":20},"end":{"line":29,"column":24}}},"3":{"name":"(anonymous_6)","decl":{"start":{"line":29,"column":26},"end":{"line":29,"column":27}},"loc":{"start":{"line":29,"column":36},"end":{"line":29,"column":48}}}},"branchMap":{},"s":{"0":5,"1":5,"2":5,"3":5,"4":5,"5":5,"6":5,"7":5,"8":0,"9":0,"10":5,"11":0,"12":0,"13":5,"14":5},"f":{"0":0,"1":0,"2":0,"3":0},"b":{}}
,"/Users/alexandraclaudiabrad/Documents/Study/Projects/authentication-app/server/src/middlewares/authorization.ts": {"path":"/Users/alexandraclaudiabrad/Documents/Study/Projects/authentication-app/server/src/middlewares/authorization.ts","statementMap":{"0":{"start":{"line":2,"column":0},"end":{"line":2,"column":31}},"1":{"start":{"line":3,"column":0},"end":{"line":3,"column":34}},"2":{"start":{"line":5,"column":0},"end":{"line":5,"column":68}},"3":{"start":{"line":7,"column":19},"end":{"line":7,"column":36}},"4":{"start":{"line":9,"column":22},"end":{"line":25,"column":1}},"5":{"start":{"line":10,"column":16},"end":{"line":10,"column":54}},"6":{"start":{"line":12,"column":2},"end":{"line":24,"column":null}},"7":{"start":{"line":13,"column":4},"end":{"line":13,"column":55}},"8":{"start":{"line":14,"column":4},"end":{"line":14,"column":11}},"9":{"start":{"line":16,"column":4},"end":{"line":23,"column":null}},"10":{"start":{"line":17,"column":22},"end":{"line":17,"column":52}},"11":{"start":{"line":18,"column":6},"end":{"line":18,"column":30}},"12":{"start":{"line":20,"column":6},"end":{"line":20,"column":13}},"13":{"start":{"line":22,"column":6},"end":{"line":22,"column":23}},"14":{"start":{"line":27,"column":0},"end":{"line":27,"column":29}}},"fnMap":{"0":{"name":"(anonymous_1)","decl":{"start":{"line":9,"column":22},"end":{"line":9,"column":23}},"loc":{"start":{"line":9,"column":74},"end":{"line":25,"column":1}}}},"branchMap":{"0":{"loc":{"start":{"line":12,"column":2},"end":{"line":24,"column":null}},"type":"if","locations":[{"start":{"line":12,"column":2},"end":{"line":24,"column":null}},{"start":{"line":15,"column":9},"end":{"line":24,"column":null}}]},"1":{"loc":{"start":{"line":13,"column":4},"end":{"line":13,"column":54}},"type":"cond-expr","locations":[{"start":{"line":13,"column":19},"end":{"line":13,"column":21}},{"start":{"line":13,"column":19},"end":{"line":13,"column":54}}]},"2":{"loc":{"start":{"line":13,"column":4},"end":{"line":13,"column":21}},"type":"binary-expr","locations":[{"start":{"line":13,"column":4},"end":{"line":13,"column":21}},{"start":{"line":13,"column":19},"end":{"line":13,"column":21}}]}},"s":{"0":2,"1":2,"2":2,"3":2,"4":2,"5":2,"6":2,"7":1,"8":1,"9":1,"10":1,"11":1,"12":1,"13":0,"14":2},"f":{"0":2},"b":{"0":[1,1],"1":[0,1],"2":[1,1]}}
,"/Users/alexandraclaudiabrad/Documents/Study/Projects/authentication-app/server/src/middlewares/verifyRole.ts": {"path":"/Users/alexandraclaudiabrad/Documents/Study/Projects/authentication-app/server/src/middlewares/verifyRole.ts","statementMap":{"0":{"start":{"line":2,"column":0},"end":{"line":2,"column":35}},"1":{"start":{"line":4,"column":0},"end":{"line":4,"column":50}},"2":{"start":{"line":5,"column":0},"end":{"line":5,"column":52}},"3":{"start":{"line":6,"column":0},"end":{"line":6,"column":68}},"4":{"start":{"line":8,"column":20},"end":{"line":8,"column":46}},"5":{"start":{"line":9,"column":20},"end":{"line":9,"column":47}},"6":{"start":{"line":11,"column":19},"end":{"line":28,"column":2}},"7":{"start":{"line":11,"column":77},"end":{"line":28,"column":2}},"8":{"start":{"line":12,"column":2},"end":{"line":27,"column":null}},"9":{"start":{"line":13,"column":23},"end":{"line":13,"column":33}},"10":{"start":{"line":14,"column":21},"end":{"line":14,"column":29}},"11":{"start":{"line":16,"column":17},"end":{"line":16,"column":54}},"12":{"start":{"line":17,"column":18},"end":{"line":17,"column":29}},"13":{"start":{"line":18,"column":17},"end":{"line":18,"column":61}},"14":{"start":{"line":20,"column":4},"end":{"line":24,"column":null}},"15":{"start":{"line":21,"column":6},"end":{"line":21,"column":13}},"16":{"start":{"line":23,"column":6},"end":{"line":23,"column":61}},"17":{"start":{"line":26,"column":4},"end":{"line":26,"column":21}},"18":{"start":{"line":30,"column":0},"end":{"line":30,"column":26}}},"fnMap":{"0":{"name":"(anonymous_8)","decl":{"start":{"line":11,"column":19},"end":{"line":11,"column":26}},"loc":{"start":{"line":11,"column":77},"end":{"line":28,"column":2}}},"1":{"name":"(anonymous_9)","decl":{"start":{"line":11,"column":77},"end":{"line":11,"column":null}},"loc":{"start":{"line":11,"column":77},"end":{"line":28,"column":1}}}},"branchMap":{"0":{"loc":{"start":{"line":17,"column":18},"end":{"line":17,"column":29}},"type":"cond-expr","locations":[{"start":{"line":17,"column":22},"end":{"line":17,"column":24}},{"start":{"line":17,"column":18},"end":{"line":17,"column":29}}]},"1":{"loc":{"start":{"line":17,"column":18},"end":{"line":17,"column":24}},"type":"binary-expr","locations":[{"start":{"line":17,"column":18},"end":{"line":17,"column":24}},{"start":{"line":17,"column":18},"end":{"line":17,"column":24}}]},"2":{"loc":{"start":{"line":20,"column":4},"end":{"line":24,"column":null}},"type":"if","locations":[{"start":{"line":20,"column":4},"end":{"line":24,"column":null}},{"start":{"line":22,"column":11},"end":{"line":24,"column":null}}]},"3":{"loc":{"start":{"line":20,"column":8},"end":{"line":20,"column":17}},"type":"cond-expr","locations":[{"start":{"line":20,"column":13},"end":{"line":20,"column":15}},{"start":{"line":20,"column":8},"end":{"line":20,"column":17}}]},"4":{"loc":{"start":{"line":20,"column":8},"end":{"line":20,"column":15}},"type":"binary-expr","locations":[{"start":{"line":20,"column":8},"end":{"line":20,"column":15}},{"start":{"line":20,"column":8},"end":{"line":20,"column":15}}]},"5":{"loc":{"start":{"line":20,"column":22},"end":{"line":20,"column":30}},"type":"cond-expr","locations":[{"start":{"line":20,"column":26},"end":{"line":20,"column":28}},{"start":{"line":20,"column":22},"end":{"line":20,"column":30}}]},"6":{"loc":{"start":{"line":20,"column":22},"end":{"line":20,"column":28}},"type":"binary-expr","locations":[{"start":{"line":20,"column":22},"end":{"line":20,"column":28}},{"start":{"line":20,"column":22},"end":{"line":20,"column":28}}]}},"s":{"0":1,"1":1,"2":1,"3":1,"4":1,"5":1,"6":1,"7":0,"8":0,"9":0,"10":0,"11":0,"12":0,"13":0,"14":0,"15":0,"16":0,"17":0,"18":1},"f":{"0":0,"1":0},"b":{"0":[0,0],"1":[0,0],"2":[0,0],"3":[0,0],"4":[0,0],"5":[0,0],"6":[0,0]}}
,"/Users/alexandraclaudiabrad/Documents/Study/Projects/authentication-app/server/src/repositories/PostgressTeamRepository.ts": {"path":"/Users/alexandraclaudiabrad/Documents/Study/Projects/authentication-app/server/src/repositories/PostgressTeamRepository.ts","statementMap":{"0":{"start":{"line":1,"column":0},"end":{"line":1,"column":33}},"1":{"start":{"line":4,"column":0},"end":{"line":4,"column":49}},"2":{"start":{"line":5,"column":0},"end":{"line":5,"column":45}},"3":{"start":{"line":6,"column":0},"end":{"line":6,"column":45}},"4":{"start":{"line":13,"column":0},"end":{"line":112,"column":null}},"5":{"start":{"line":25,"column":2},"end":{"line":29,"column":4}},"6":{"start":{"line":25,"column":40},"end":{"line":29,"column":4}},"7":{"start":{"line":26,"column":20},"end":{"line":26,"column":51}},"8":{"start":{"line":28,"column":4},"end":{"line":28,"column":47}},"9":{"start":{"line":31,"column":2},"end":{"line":35,"column":4}},"10":{"start":{"line":31,"column":48},"end":{"line":35,"column":4}},"11":{"start":{"line":32,"column":4},"end":{"line":34,"column":7}},"12":{"start":{"line":37,"column":2},"end":{"line":47,"column":4}},"13":{"start":{"line":37,"column":62},"end":{"line":47,"column":4}},"14":{"start":{"line":38,"column":17},"end":{"line":41,"column":6}},"15":{"start":{"line":43,"column":4},"end":{"line":45,"column":null}},"16":{"start":{"line":44,"column":6},"end":{"line":44,"column":18}},"17":{"start":{"line":46,"column":4},"end":{"line":46,"column":16}},"18":{"start":{"line":49,"column":2},"end":{"line":59,"column":4}},"19":{"start":{"line":49,"column":66},"end":{"line":59,"column":4}},"20":{"start":{"line":50,"column":17},"end":{"line":53,"column":6}},"21":{"start":{"line":55,"column":4},"end":{"line":57,"column":null}},"22":{"start":{"line":56,"column":6},"end":{"line":56,"column":18}},"23":{"start":{"line":58,"column":4},"end":{"line":58,"column":16}},"24":{"start":{"line":61,"column":2},"end":{"line":70,"column":4}},"25":{"start":{"line":61,"column":50},"end":{"line":70,"column":4}},"26":{"start":{"line":62,"column":4},"end":{"line":69,"column":6}},"27":{"start":{"line":72,"column":2},"end":{"line":87,"column":4}},"28":{"start":{"line":72,"column":55},"end":{"line":87,"column":4}},"29":{"start":{"line":73,"column":18},"end":{"line":78,"column":6}},"30":{"start":{"line":80,"column":18},"end":{"line":82,"column":6}},"31":{"start":{"line":84,"column":4},"end":{"line":84,"column":28}},"32":{"start":{"line":86,"column":4},"end":{"line":86,"column":55}},"33":{"start":{"line":89,"column":2},"end":{"line":91,"column":4}},"34":{"start":{"line":89,"column":36},"end":{"line":91,"column":4}},"35":{"start":{"line":90,"column":4},"end":{"line":90,"column":44}},"36":{"start":{"line":93,"column":2},"end":{"line":111,"column":4}},"37":{"start":{"line":93,"column":58},"end":{"line":111,"column":4}},"38":{"start":{"line":94,"column":17},"end":{"line":99,"column":6}},"39":{"start":{"line":101,"column":17},"end":{"line":103,"column":6}},"40":{"start":{"line":105,"column":4},"end":{"line":108,"column":null}},"41":{"start":{"line":106,"column":6},"end":{"line":106,"column":76}},"42":{"start":{"line":106,"column":53},"end":{"line":106,"column":74}},"43":{"start":{"line":107,"column":6},"end":{"line":107,"column":46}},"44":{"start":{"line":110,"column":4},"end":{"line":110,"column":16}},"45":{"start":{"line":20,"column":4},"end":{"line":20,"column":52}},"46":{"start":{"line":21,"column":4},"end":{"line":21,"column":57}},"47":{"start":{"line":22,"column":4},"end":{"line":22,"column":35}},"48":{"start":{"line":14,"column":21},"end":{"line":112,"column":null}},"49":{"start":{"line":14,"column":21},"end":{"line":14,"column":null}}},"fnMap":{"0":{"name":"(anonymous_10)","decl":{"start":{"line":19,"column":2},"end":{"line":19,"column":null}},"loc":{"start":{"line":19,"column":2},"end":{"line":23,"column":3}}},"1":{"name":"(anonymous_11)","decl":{"start":{"line":25,"column":15},"end":{"line":25,"column":22}},"loc":{"start":{"line":25,"column":40},"end":{"line":29,"column":4}}},"2":{"name":"(anonymous_12)","decl":{"start":{"line":25,"column":40},"end":{"line":25,"column":null}},"loc":{"start":{"line":25,"column":40},"end":{"line":29,"column":3}}},"3":{"name":"(anonymous_13)","decl":{"start":{"line":31,"column":17},"end":{"line":31,"column":46}},"loc":{"start":{"line":31,"column":48},"end":{"line":35,"column":4}}},"4":{"name":"(anonymous_14)","decl":{"start":{"line":31,"column":48},"end":{"line":31,"column":null}},"loc":{"start":{"line":31,"column":48},"end":{"line":35,"column":3}}},"5":{"name":"(anonymous_15)","decl":{"start":{"line":37,"column":16},"end":{"line":37,"column":23}},"loc":{"start":{"line":37,"column":62},"end":{"line":47,"column":4}}},"6":{"name":"(anonymous_16)","decl":{"start":{"line":37,"column":62},"end":{"line":37,"column":null}},"loc":{"start":{"line":37,"column":62},"end":{"line":47,"column":3}}},"7":{"name":"(anonymous_17)","decl":{"start":{"line":49,"column":18},"end":{"line":49,"column":25}},"loc":{"start":{"line":49,"column":66},"end":{"line":59,"column":4}}},"8":{"name":"(anonymous_18)","decl":{"start":{"line":49,"column":66},"end":{"line":49,"column":null}},"loc":{"start":{"line":49,"column":66},"end":{"line":59,"column":3}}},"9":{"name":"(anonymous_19)","decl":{"start":{"line":61,"column":15},"end":{"line":61,"column":22}},"loc":{"start":{"line":61,"column":50},"end":{"line":70,"column":4}}},"10":{"name":"(anonymous_20)","decl":{"start":{"line":61,"column":50},"end":{"line":61,"column":null}},"loc":{"start":{"line":61,"column":50},"end":{"line":70,"column":3}}},"11":{"name":"(anonymous_21)","decl":{"start":{"line":72,"column":14},"end":{"line":72,"column":21}},"loc":{"start":{"line":72,"column":55},"end":{"line":87,"column":4}}},"12":{"name":"(anonymous_22)","decl":{"start":{"line":72,"column":55},"end":{"line":72,"column":null}},"loc":{"start":{"line":72,"column":55},"end":{"line":87,"column":3}}},"13":{"name":"(anonymous_23)","decl":{"start":{"line":89,"column":15},"end":{"line":89,"column":22}},"loc":{"start":{"line":89,"column":36},"end":{"line":91,"column":4}}},"14":{"name":"(anonymous_24)","decl":{"start":{"line":89,"column":36},"end":{"line":89,"column":null}},"loc":{"start":{"line":89,"column":36},"end":{"line":91,"column":3}}},"15":{"name":"(anonymous_25)","decl":{"start":{"line":93,"column":17},"end":{"line":93,"column":24}},"loc":{"start":{"line":93,"column":58},"end":{"line":111,"column":4}}},"16":{"name":"(anonymous_26)","decl":{"start":{"line":93,"column":58},"end":{"line":93,"column":null}},"loc":{"start":{"line":93,"column":58},"end":{"line":111,"column":3}}},"17":{"name":"(anonymous_27)","decl":{"start":{"line":106,"column":41},"end":{"line":106,"column":42}},"loc":{"start":{"line":106,"column":53},"end":{"line":106,"column":74}}}},"branchMap":{"0":{"loc":{"start":{"line":43,"column":4},"end":{"line":45,"column":null}},"type":"if","locations":[{"start":{"line":43,"column":4},"end":{"line":45,"column":null}}]},"1":{"loc":{"start":{"line":55,"column":4},"end":{"line":57,"column":null}},"type":"if","locations":[{"start":{"line":55,"column":4},"end":{"line":57,"column":null}}]},"2":{"loc":{"start":{"line":105,"column":4},"end":{"line":108,"column":null}},"type":"if","locations":[{"start":{"line":105,"column":4},"end":{"line":108,"column":null}}]},"3":{"loc":{"start":{"line":105,"column":8},"end":{"line":105,"column":20}},"type":"binary-expr","locations":[{"start":{"line":105,"column":8},"end":{"line":105,"column":12}},{"start":{"line":105,"column":16},"end":{"line":105,"column":20}}]}},"s":{"0":1,"1":1,"2":1,"3":1,"4":1,"5":1,"6":0,"7":0,"8":0,"9":1,"10":0,"11":0,"12":1,"13":0,"14":0,"15":0,"16":0,"17":0,"18":1,"19":0,"20":0,"21":0,"22":0,"23":0,"24":1,"25":0,"26":0,"27":1,"28":0,"29":0,"30":0,"31":0,"32":0,"33":1,"34":0,"35":0,"36":1,"37":0,"38":0,"39":0,"40":0,"41":0,"42":0,"43":0,"44":0,"45":1,"46":1,"47":1,"48":1,"49":1},"f":{"0":1,"1":0,"2":0,"3":0,"4":0,"5":0,"6":0,"7":0,"8":0,"9":0,"10":0,"11":0,"12":0,"13":0,"14":0,"15":0,"16":0,"17":0},"b":{"0":[0],"1":[0],"2":[0],"3":[0,0]}}
,"/Users/alexandraclaudiabrad/Documents/Study/Projects/authentication-app/server/src/repositories/PostgressUserRepository.ts": {"path":"/Users/alexandraclaudiabrad/Documents/Study/Projects/authentication-app/server/src/repositories/PostgressUserRepository.ts","statementMap":{"0":{"start":{"line":1,"column":0},"end":{"line":1,"column":33}},"1":{"start":{"line":4,"column":0},"end":{"line":4,"column":49}},"2":{"start":{"line":5,"column":0},"end":{"line":5,"column":45}},"3":{"start":{"line":11,"column":0},"end":{"line":107,"column":null}},"4":{"start":{"line":19,"column":2},"end":{"line":23,"column":4}},"5":{"start":{"line":19,"column":40},"end":{"line":23,"column":4}},"6":{"start":{"line":20,"column":20},"end":{"line":20,"column":51}},"7":{"start":{"line":22,"column":4},"end":{"line":22,"column":47}},"8":{"start":{"line":25,"column":2},"end":{"line":37,"column":4}},"9":{"start":{"line":25,"column":48},"end":{"line":37,"column":4}},"10":{"start":{"line":26,"column":18},"end":{"line":34,"column":6}},"11":{"start":{"line":36,"column":4},"end":{"line":36,"column":17}},"12":{"start":{"line":39,"column":2},"end":{"line":55,"column":4}},"13":{"start":{"line":39,"column":62},"end":{"line":55,"column":4}},"14":{"start":{"line":40,"column":17},"end":{"line":49,"column":6}},"15":{"start":{"line":51,"column":4},"end":{"line":53,"column":null}},"16":{"start":{"line":52,"column":6},"end":{"line":52,"column":18}},"17":{"start":{"line":54,"column":4},"end":{"line":54,"column":16}},"18":{"start":{"line":57,"column":2},"end":{"line":73,"column":4}},"19":{"start":{"line":57,"column":68},"end":{"line":73,"column":4}},"20":{"start":{"line":58,"column":17},"end":{"line":67,"column":6}},"21":{"start":{"line":69,"column":4},"end":{"line":71,"column":null}},"22":{"start":{"line":70,"column":6},"end":{"line":70,"column":18}},"23":{"start":{"line":72,"column":4},"end":{"line":72,"column":16}},"24":{"start":{"line":75,"column":2},"end":{"line":91,"column":4}},"25":{"start":{"line":75,"column":75},"end":{"line":91,"column":4}},"26":{"start":{"line":76,"column":17},"end":{"line":85,"column":6}},"27":{"start":{"line":87,"column":4},"end":{"line":89,"column":null}},"28":{"start":{"line":88,"column":6},"end":{"line":88,"column":18}},"29":{"start":{"line":90,"column":4},"end":{"line":90,"column":16}},"30":{"start":{"line":94,"column":2},"end":{"line":106,"column":4}},"31":{"start":{"line":94,"column":70},"end":{"line":106,"column":4}},"32":{"start":{"line":95,"column":17},"end":{"line":100,"column":6}},"33":{"start":{"line":102,"column":4},"end":{"line":104,"column":null}},"34":{"start":{"line":103,"column":6},"end":{"line":103,"column":18}},"35":{"start":{"line":105,"column":4},"end":{"line":105,"column":16}},"36":{"start":{"line":16,"column":4},"end":{"line":16,"column":52}},"37":{"start":{"line":12,"column":21},"end":{"line":107,"column":null}},"38":{"start":{"line":12,"column":21},"end":{"line":12,"column":null}}},"fnMap":{"0":{"name":"(anonymous_10)","decl":{"start":{"line":15,"column":2},"end":{"line":15,"column":null}},"loc":{"start":{"line":15,"column":2},"end":{"line":17,"column":3}}},"1":{"name":"(anonymous_11)","decl":{"start":{"line":19,"column":15},"end":{"line":19,"column":22}},"loc":{"start":{"line":19,"column":40},"end":{"line":23,"column":4}}},"2":{"name":"(anonymous_12)","decl":{"start":{"line":19,"column":40},"end":{"line":19,"column":null}},"loc":{"start":{"line":19,"column":40},"end":{"line":23,"column":3}}},"3":{"name":"(anonymous_13)","decl":{"start":{"line":25,"column":17},"end":{"line":25,"column":46}},"loc":{"start":{"line":25,"column":48},"end":{"line":37,"column":4}}},"4":{"name":"(anonymous_14)","decl":{"start":{"line":25,"column":48},"end":{"line":25,"column":null}},"loc":{"start":{"line":25,"column":48},"end":{"line":37,"column":3}}},"5":{"name":"(anonymous_15)","decl":{"start":{"line":39,"column":16},"end":{"line":39,"column":23}},"loc":{"start":{"line":39,"column":62},"end":{"line":55,"column":4}}},"6":{"name":"(anonymous_16)","decl":{"start":{"line":39,"column":62},"end":{"line":39,"column":null}},"loc":{"start":{"line":39,"column":62},"end":{"line":55,"column":3}}},"7":{"name":"(anonymous_17)","decl":{"start":{"line":57,"column":19},"end":{"line":57,"column":26}},"loc":{"start":{"line":57,"column":68},"end":{"line":73,"column":4}}},"8":{"name":"(anonymous_18)","decl":{"start":{"line":57,"column":68},"end":{"line":57,"column":null}},"loc":{"start":{"line":57,"column":68},"end":{"line":73,"column":3}}},"9":{"name":"(anonymous_19)","decl":{"start":{"line":75,"column":22},"end":{"line":75,"column":29}},"loc":{"start":{"line":75,"column":75},"end":{"line":91,"column":4}}},"10":{"name":"(anonymous_20)","decl":{"start":{"line":75,"column":75},"end":{"line":75,"column":null}},"loc":{"start":{"line":75,"column":75},"end":{"line":91,"column":3}}},"11":{"name":"(anonymous_21)","decl":{"start":{"line":94,"column":23},"end":{"line":94,"column":30}},"loc":{"start":{"line":94,"column":70},"end":{"line":106,"column":4}}},"12":{"name":"(anonymous_22)","decl":{"start":{"line":94,"column":70},"end":{"line":94,"column":null}},"loc":{"start":{"line":94,"column":70},"end":{"line":106,"column":3}}}},"branchMap":{"0":{"loc":{"start":{"line":51,"column":4},"end":{"line":53,"column":null}},"type":"if","locations":[{"start":{"line":51,"column":4},"end":{"line":53,"column":null}}]},"1":{"loc":{"start":{"line":69,"column":4},"end":{"line":71,"column":null}},"type":"if","locations":[{"start":{"line":69,"column":4},"end":{"line":71,"column":null}}]},"2":{"loc":{"start":{"line":87,"column":4},"end":{"line":89,"column":null}},"type":"if","locations":[{"start":{"line":87,"column":4},"end":{"line":89,"column":null}}]},"3":{"loc":{"start":{"line":102,"column":4},"end":{"line":104,"column":null}},"type":"if","locations":[{"start":{"line":102,"column":4},"end":{"line":104,"column":null}}]}},"s":{"0":4,"1":4,"2":4,"3":4,"4":3,"5":1,"6":1,"7":1,"8":3,"9":0,"10":0,"11":0,"12":3,"13":0,"14":0,"15":0,"16":0,"17":0,"18":3,"19":0,"20":0,"21":0,"22":0,"23":0,"24":3,"25":0,"26":0,"27":0,"28":0,"29":0,"30":3,"31":0,"32":0,"33":0,"34":0,"35":0,"36":3,"37":4,"38":4},"f":{"0":3,"1":1,"2":1,"3":0,"4":0,"5":0,"6":0,"7":0,"8":0,"9":0,"10":0,"11":0,"12":0},"b":{"0":[0],"1":[0],"2":[0],"3":[0]}}
,"/Users/alexandraclaudiabrad/Documents/Study/Projects/authentication-app/server/src/routes/event.ts": {"path":"/Users/alexandraclaudiabrad/Documents/Study/Projects/authentication-app/server/src/routes/event.ts","statementMap":{"0":{"start":{"line":1,"column":0},"end":{"line":1,"column":33}},"1":{"start":{"line":3,"column":0},"end":{"line":3,"column":38}},"2":{"start":{"line":5,"column":21},"end":{"line":5,"column":39}},"3":{"start":{"line":25,"column":21},"end":{"line":25,"column":33}},"4":{"start":{"line":7,"column":19},"end":{"line":7,"column":27}},"5":{"start":{"line":25,"column":9},"end":{"line":25,"column":19}},"6":{"start":{"line":9,"column":0},"end":{"line":23,"column":3}},"7":{"start":{"line":10,"column":2},"end":{"line":10,"column":53}},"8":{"start":{"line":11,"column":2},"end":{"line":11,"column":45}},"9":{"start":{"line":12,"column":2},"end":{"line":12,"column":44}},"10":{"start":{"line":14,"column":19},"end":{"line":16,"column":3}},"11":{"start":{"line":15,"column":4},"end":{"line":15,"column":51}},"12":{"start":{"line":17,"column":2},"end":{"line":17,"column":39}},"13":{"start":{"line":20,"column":2},"end":{"line":22,"column":5}},"14":{"start":{"line":21,"column":4},"end":{"line":21,"column":42}}},"fnMap":{"0":{"name":"(anonymous_0)","decl":{"start":{"line":9,"column":30},"end":{"line":9,"column":31}},"loc":{"start":{"line":9,"column":62},"end":{"line":23,"column":1}}},"1":{"name":"(anonymous_1)","decl":{"start":{"line":14,"column":19},"end":{"line":14,"column":20}},"loc":{"start":{"line":14,"column":36},"end":{"line":16,"column":3}}},"2":{"name":"(anonymous_2)","decl":{"start":{"line":20,"column":18},"end":{"line":20,"column":21}},"loc":{"start":{"line":20,"column":23},"end":{"line":22,"column":3}}}},"branchMap":{},"s":{"0":1,"1":1,"2":1,"3":1,"4":1,"5":1,"6":1,"7":0,"8":0,"9":0,"10":0,"11":0,"12":0,"13":0,"14":0},"f":{"0":0,"1":0,"2":0},"b":{}}
,"/Users/alexandraclaudiabrad/Documents/Study/Projects/authentication-app/server/src/routes/login.ts": {"path":"/Users/alexandraclaudiabrad/Documents/Study/Projects/authentication-app/server/src/routes/login.ts","statementMap":{"0":{"start":{"line":1,"column":0},"end":{"line":1,"column":30}},"1":{"start":{"line":3,"column":0},"end":{"line":3,"column":35}},"2":{"start":{"line":5,"column":0},"end":{"line":5,"column":50}},"3":{"start":{"line":8,"column":19},"end":{"line":8,"column":35}},"4":{"start":{"line":10,"column":0},"end":{"line":19,"column":3}},"5":{"start":{"line":10,"column":68},"end":{"line":19,"column":2}},"6":{"start":{"line":11,"column":2},"end":{"line":18,"column":null}},"7":{"start":{"line":12,"column":24},"end":{"line":12,"column":64}},"8":{"start":{"line":14,"column":21},"end":{"line":14,"column":54}},"9":{"start":{"line":15,"column":4},"end":{"line":15,"column":42}},"10":{"start":{"line":17,"column":4},"end":{"line":17,"column":16}},"11":{"start":{"line":21,"column":0},"end":{"line":21,"column":26}}},"fnMap":{"0":{"name":"(anonymous_8)","decl":{"start":{"line":10,"column":30},"end":{"line":10,"column":37}},"loc":{"start":{"line":10,"column":68},"end":{"line":19,"column":2}}},"1":{"name":"(anonymous_9)","decl":{"start":{"line":10,"column":68},"end":{"line":10,"column":null}},"loc":{"start":{"line":10,"column":68},"end":{"line":19,"column":1}}}},"branchMap":{},"s":{"0":1,"1":1,"2":1,"3":1,"4":1,"5":0,"6":0,"7":0,"8":0,"9":0,"10":0,"11":1},"f":{"0":0,"1":0},"b":{}}
,"/Users/alexandraclaudiabrad/Documents/Study/Projects/authentication-app/server/src/routes/register.ts": {"path":"/Users/alexandraclaudiabrad/Documents/Study/Projects/authentication-app/server/src/routes/register.ts","statementMap":{"0":{"start":{"line":1,"column":0},"end":{"line":1,"column":30}},"1":{"start":{"line":3,"column":0},"end":{"line":3,"column":35}},"2":{"start":{"line":5,"column":0},"end":{"line":5,"column":50}},"3":{"start":{"line":7,"column":22},"end":{"line":7,"column":38}},"4":{"start":{"line":9,"column":0},"end":{"line":18,"column":3}},"5":{"start":{"line":9,"column":74},"end":{"line":18,"column":2}},"6":{"start":{"line":10,"column":2},"end":{"line":17,"column":null}},"7":{"start":{"line":11,"column":24},"end":{"line":11,"column":50}},"8":{"start":{"line":13,"column":21},"end":{"line":13,"column":57}},"9":{"start":{"line":14,"column":4},"end":{"line":14,"column":42}},"10":{"start":{"line":16,"column":4},"end":{"line":16,"column":17}},"11":{"start":{"line":20,"column":0},"end":{"line":20,"column":29}}},"fnMap":{"0":{"name":"(anonymous_8)","decl":{"start":{"line":9,"column":36},"end":{"line":9,"column":43}},"loc":{"start":{"line":9,"column":74},"end":{"line":18,"column":2}}},"1":{"name":"(anonymous_9)","decl":{"start":{"line":9,"column":74},"end":{"line":9,"column":null}},"loc":{"start":{"line":9,"column":74},"end":{"line":18,"column":1}}}},"branchMap":{},"s":{"0":1,"1":1,"2":1,"3":1,"4":1,"5":0,"6":0,"7":0,"8":0,"9":0,"10":0,"11":1},"f":{"0":0,"1":0},"b":{}}
,"/Users/alexandraclaudiabrad/Documents/Study/Projects/authentication-app/server/src/routes/teams.ts": {"path":"/Users/alexandraclaudiabrad/Documents/Study/Projects/authentication-app/server/src/routes/teams.ts","statementMap":{"0":{"start":{"line":1,"column":0},"end":{"line":1,"column":30}},"1":{"start":{"line":3,"column":0},"end":{"line":3,"column":35}},"2":{"start":{"line":5,"column":0},"end":{"line":5,"column":57}},"3":{"start":{"line":6,"column":0},"end":{"line":6,"column":51}},"4":{"start":{"line":8,"column":0},"end":{"line":8,"column":50}},"5":{"start":{"line":9,"column":0},"end":{"line":9,"column":52}},"6":{"start":{"line":10,"column":0},"end":{"line":10,"column":null}},"7":{"start":{"line":15,"column":0},"end":{"line":15,"column":39}},"8":{"start":{"line":17,"column":18},"end":{"line":17,"column":34}},"9":{"start":{"line":19,"column":20},"end":{"line":19,"column":46}},"10":{"start":{"line":20,"column":20},"end":{"line":20,"column":47}},"11":{"start":{"line":23,"column":0},"end":{"line":56,"column":2}},"12":{"start":{"line":26,"column":40},"end":{"line":55,"column":null}},"13":{"start":{"line":27,"column":27},"end":{"line":27,"column":35}},"14":{"start":{"line":29,"column":4},"end":{"line":31,"column":null}},"15":{"start":{"line":30,"column":6},"end":{"line":30,"column":64}},"16":{"start":{"line":33,"column":4},"end":{"line":54,"column":null}},"17":{"start":{"line":34,"column":19},"end":{"line":34,"column":63}},"18":{"start":{"line":35,"column":6},"end":{"line":37,"column":null}},"19":{"start":{"line":36,"column":8},"end":{"line":36,"column":71}},"20":{"start":{"line":39,"column":27},"end":{"line":39,"column":64}},"21":{"start":{"line":40,"column":6},"end":{"line":42,"column":null}},"22":{"start":{"line":41,"column":8},"end":{"line":41,"column":68}},"23":{"start":{"line":44,"column":20},"end":{"line":48,"column":8}},"24":{"start":{"line":50,"column":6},"end":{"line":50,"column":63}},"25":{"start":{"line":51,"column":6},"end":{"line":51,"column":56}},"26":{"start":{"line":53,"column":6},"end":{"line":53,"column":18}},"27":{"start":{"line":59,"column":0},"end":{"line":67,"column":3}},"28":{"start":{"line":59,"column":67},"end":{"line":67,"column":2}},"29":{"start":{"line":60,"column":2},"end":{"line":66,"column":null}},"30":{"start":{"line":61,"column":18},"end":{"line":61,"column":49}},"31":{"start":{"line":63,"column":4},"end":{"line":63,"column":39}},"32":{"start":{"line":65,"column":4},"end":{"line":65,"column":16}},"33":{"start":{"line":70,"column":0},"end":{"line":83,"column":3}},"34":{"start":{"line":70,"column":74},"end":{"line":83,"column":2}},"35":{"start":{"line":71,"column":21},"end":{"line":71,"column":31}},"36":{"start":{"line":73,"column":2},"end":{"line":82,"column":null}},"37":{"start":{"line":74,"column":17},"end":{"line":74,"column":54}},"38":{"start":{"line":75,"column":4},"end":{"line":77,"column":null}},"39":{"start":{"line":76,"column":6},"end":{"line":76,"column":59}},"40":{"start":{"line":79,"column":4},"end":{"line":79,"column":38}},"41":{"start":{"line":81,"column":4},"end":{"line":81,"column":16}},"42":{"start":{"line":86,"column":0},"end":{"line":106,"column":2}},"43":{"start":{"line":90,"column":40},"end":{"line":105,"column":null}},"44":{"start":{"line":91,"column":23},"end":{"line":91,"column":33}},"45":{"start":{"line":92,"column":21},"end":{"line":92,"column":29}},"46":{"start":{"line":94,"column":4},"end":{"line":104,"column":null}},"47":{"start":{"line":95,"column":27},"end":{"line":95,"column":64}},"48":{"start":{"line":96,"column":6},"end":{"line":98,"column":null}},"49":{"start":{"line":97,"column":8},"end":{"line":97,"column":68}},"50":{"start":{"line":100,"column":6},"end":{"line":100,"column":53}},"51":{"start":{"line":101,"column":6},"end":{"line":101,"column":56}},"52":{"start":{"line":103,"column":6},"end":{"line":103,"column":18}},"53":{"start":{"line":109,"column":0},"end":{"line":142,"column":2}},"54":{"start":{"line":113,"column":40},"end":{"line":141,"column":null}},"55":{"start":{"line":114,"column":33},"end":{"line":114,"column":43}},"56":{"start":{"line":116,"column":4},"end":{"line":140,"column":null}},"57":{"start":{"line":117,"column":27},"end":{"line":117,"column":64}},"58":{"start":{"line":120,"column":26},"end":{"line":120,"column":59}},"59":{"start":{"line":121,"column":6},"end":{"line":123,"column":null}},"60":{"start":{"line":122,"column":8},"end":{"line":122,"column":66}},"61":{"start":{"line":126,"column":30},"end":{"line":127,"column":null}},"62":{"start":{"line":127,"column":8},"end":{"line":127,"column":28}},"63":{"start":{"line":129,"column":6},"end":{"line":131,"column":null}},"64":{"start":{"line":130,"column":8},"end":{"line":130,"column":63}},"65":{"start":{"line":133,"column":19},"end":{"line":133,"column":35}},"66":{"start":{"line":135,"column":6},"end":{"line":135,"column":58}},"67":{"start":{"line":136,"column":6},"end":{"line":136,"column":41}},"68":{"start":{"line":137,"column":6},"end":{"line":137,"column":54}},"69":{"start":{"line":139,"column":6},"end":{"line":139,"column":18}},"70":{"start":{"line":145,"column":0},"end":{"line":164,"column":2}},"71":{"start":{"line":149,"column":40},"end":{"line":163,"column":null}},"72":{"start":{"line":150,"column":23},"end":{"line":150,"column":33}},"73":{"start":{"line":152,"column":4},"end":{"line":162,"column":null}},"74":{"start":{"line":153,"column":19},"end":{"line":153,"column":55}},"75":{"start":{"line":155,"column":6},"end":{"line":157,"column":null}},"76":{"start":{"line":156,"column":8},"end":{"line":156,"column":61}},"77":{"start":{"line":159,"column":6},"end":{"line":159,"column":56}},"78":{"start":{"line":161,"column":6},"end":{"line":161,"column":18}},"79":{"start":{"line":167,"column":0},"end":{"line":197,"column":2}},"80":{"start":{"line":171,"column":40},"end":{"line":196,"column":null}},"81":{"start":{"line":172,"column":33},"end":{"line":172,"column":43}},"82":{"start":{"line":174,"column":4},"end":{"line":195,"column":null}},"83":{"start":{"line":175,"column":27},"end":{"line":175,"column":64}},"84":{"start":{"line":178,"column":26},"end":{"line":178,"column":59}},"85":{"start":{"line":179,"column":6},"end":{"line":181,"column":null}},"86":{"start":{"line":180,"column":8},"end":{"line":180,"column":69}},"87":{"start":{"line":184,"column":30},"end":{"line":185,"column":null}},"88":{"start":{"line":185,"column":8},"end":{"line":185,"column":28}},"89":{"start":{"line":187,"column":6},"end":{"line":189,"column":null}},"90":{"start":{"line":188,"column":8},"end":{"line":188,"column":71}},"91":{"start":{"line":191,"column":6},"end":{"line":191,"column":63}},"92":{"start":{"line":192,"column":6},"end":{"line":192,"column":56}},"93":{"start":{"line":194,"column":6},"end":{"line":194,"column":18}},"94":{"start":{"line":199,"column":0},"end":{"line":199,"column":25}}},"fnMap":{"0":{"name":"(anonymous_8)","decl":{"start":{"line":26,"column":2},"end":{"line":26,"column":9}},"loc":{"start":{"line":26,"column":40},"end":{"line":55,"column":null}}},"1":{"name":"(anonymous_9)","decl":{"start":{"line":26,"column":40},"end":{"line":26,"column":null}},"loc":{"start":{"line":26,"column":40},"end":{"line":55,"column":3}}},"2":{"name":"(anonymous_10)","decl":{"start":{"line":59,"column":28},"end":{"line":59,"column":35}},"loc":{"start":{"line":59,"column":67},"end":{"line":67,"column":2}}},"3":{"name":"(anonymous_11)","decl":{"start":{"line":59,"column":67},"end":{"line":59,"column":null}},"loc":{"start":{"line":59,"column":67},"end":{"line":67,"column":1}}},"4":{"name":"(anonymous_12)","decl":{"start":{"line":70,"column":36},"end":{"line":70,"column":43}},"loc":{"start":{"line":70,"column":74},"end":{"line":83,"column":2}}},"5":{"name":"(anonymous_13)","decl":{"start":{"line":70,"column":74},"end":{"line":70,"column":null}},"loc":{"start":{"line":70,"column":74},"end":{"line":83,"column":1}}},"6":{"name":"(anonymous_14)","decl":{"start":{"line":90,"column":2},"end":{"line":90,"column":9}},"loc":{"start":{"line":90,"column":40},"end":{"line":105,"column":null}}},"7":{"name":"(anonymous_15)","decl":{"start":{"line":90,"column":40},"end":{"line":90,"column":null}},"loc":{"start":{"line":90,"column":40},"end":{"line":105,"column":3}}},"8":{"name":"(anonymous_16)","decl":{"start":{"line":113,"column":2},"end":{"line":113,"column":9}},"loc":{"start":{"line":113,"column":40},"end":{"line":141,"column":null}}},"9":{"name":"(anonymous_17)","decl":{"start":{"line":113,"column":40},"end":{"line":113,"column":null}},"loc":{"start":{"line":113,"column":40},"end":{"line":141,"column":3}}},"10":{"name":"(anonymous_18)","decl":{"start":{"line":126,"column":56},"end":{"line":126,"column":57}},"loc":{"start":{"line":127,"column":8},"end":{"line":127,"column":28}}},"11":{"name":"(anonymous_19)","decl":{"start":{"line":149,"column":2},"end":{"line":149,"column":9}},"loc":{"start":{"line":149,"column":40},"end":{"line":163,"column":null}}},"12":{"name":"(anonymous_20)","decl":{"start":{"line":149,"column":40},"end":{"line":149,"column":null}},"loc":{"start":{"line":149,"column":40},"end":{"line":163,"column":3}}},"13":{"name":"(anonymous_21)","decl":{"start":{"line":171,"column":2},"end":{"line":171,"column":9}},"loc":{"start":{"line":171,"column":40},"end":{"line":196,"column":null}}},"14":{"name":"(anonymous_22)","decl":{"start":{"line":171,"column":40},"end":{"line":171,"column":null}},"loc":{"start":{"line":171,"column":40},"end":{"line":196,"column":3}}},"15":{"name":"(anonymous_23)","decl":{"start":{"line":184,"column":56},"end":{"line":184,"column":57}},"loc":{"start":{"line":185,"column":8},"end":{"line":185,"column":28}}}},"branchMap":{"0":{"loc":{"start":{"line":29,"column":4},"end":{"line":31,"column":null}},"type":"if","locations":[{"start":{"line":29,"column":4},"end":{"line":31,"column":null}}]},"1":{"loc":{"start":{"line":35,"column":6},"end":{"line":37,"column":null}},"type":"if","locations":[{"start":{"line":35,"column":6},"end":{"line":37,"column":null}}]},"2":{"loc":{"start":{"line":40,"column":6},"end":{"line":42,"column":null}},"type":"if","locations":[{"start":{"line":40,"column":6},"end":{"line":42,"column":null}}]},"3":{"loc":{"start":{"line":75,"column":4},"end":{"line":77,"column":null}},"type":"if","locations":[{"start":{"line":75,"column":4},"end":{"line":77,"column":null}}]},"4":{"loc":{"start":{"line":96,"column":6},"end":{"line":98,"column":null}},"type":"if","locations":[{"start":{"line":96,"column":6},"end":{"line":98,"column":null}}]},"5":{"loc":{"start":{"line":96,"column":10},"end":{"line":96,"column":28}},"type":"cond-expr","locations":[{"start":{"line":96,"column":22},"end":{"line":96,"column":24}},{"start":{"line":96,"column":10},"end":{"line":96,"column":28}}]},"6":{"loc":{"start":{"line":96,"column":10},"end":{"line":96,"column":24}},"type":"binary-expr","locations":[{"start":{"line":96,"column":10},"end":{"line":96,"column":24}},{"start":{"line":96,"column":10},"end":{"line":96,"column":24}}]},"7":{"loc":{"start":{"line":120,"column":26},"end":{"line":120,"column":59}},"type":"cond-expr","locations":[{"start":{"line":120,"column":38},"end":{"line":120,"column":40}},{"start":{"line":120,"column":26},"end":{"line":120,"column":59}}]},"8":{"loc":{"start":{"line":120,"column":26},"end":{"line":120,"column":40}},"type":"binary-expr","locations":[{"start":{"line":120,"column":26},"end":{"line":120,"column":40}},{"start":{"line":120,"column":26},"end":{"line":120,"column":40}}]},"9":{"loc":{"start":{"line":121,"column":6},"end":{"line":123,"column":null}},"type":"if","locations":[{"start":{"line":121,"column":6},"end":{"line":123,"column":null}}]},"10":{"loc":{"start":{"line":126,"column":30},"end":{"line":127,"column":null}},"type":"cond-expr","locations":[{"start":{"line":126,"column":42},"end":{"line":126,"column":44}},{"start":{"line":126,"column":30},"end":{"line":127,"column":null}}]},"11":{"loc":{"start":{"line":126,"column":30},"end":{"line":126,"column":44}},"type":"binary-expr","locations":[{"start":{"line":126,"column":30},"end":{"line":126,"column":44}},{"start":{"line":126,"column":30},"end":{"line":126,"column":44}}]},"12":{"loc":{"start":{"line":129,"column":6},"end":{"line":131,"column":null}},"type":"if","locations":[{"start":{"line":129,"column":6},"end":{"line":131,"column":null}}]},"13":{"loc":{"start":{"line":129,"column":10},"end":{"line":129,"column":45}},"type":"cond-expr","locations":[{"start":{"line":129,"column":25},"end":{"line":129,"column":27}},{"start":{"line":129,"column":10},"end":{"line":129,"column":45}}]},"14":{"loc":{"start":{"line":129,"column":10},"end":{"line":129,"column":27}},"type":"binary-expr","locations":[{"start":{"line":129,"column":10},"end":{"line":129,"column":27}},{"start":{"line":129,"column":10},"end":{"line":129,"column":27}}]},"15":{"loc":{"start":{"line":155,"column":6},"end":{"line":157,"column":null}},"type":"if","locations":[{"start":{"line":155,"column":6},"end":{"line":157,"column":null}}]},"16":{"loc":{"start":{"line":178,"column":26},"end":{"line":178,"column":59}},"type":"cond-expr","locations":[{"start":{"line":178,"column":38},"end":{"line":178,"column":40}},{"start":{"line":178,"column":26},"end":{"line":178,"column":59}}]},"17":{"loc":{"start":{"line":178,"column":26},"end":{"line":178,"column":40}},"type":"binary-expr","locations":[{"start":{"line":178,"column":26},"end":{"line":178,"column":40}},{"start":{"line":178,"column":26},"end":{"line":178,"column":40}}]},"18":{"loc":{"start":{"line":179,"column":6},"end":{"line":181,"column":null}},"type":"if","locations":[{"start":{"line":179,"column":6},"end":{"line":181,"column":null}}]},"19":{"loc":{"start":{"line":184,"column":30},"end":{"line":185,"column":null}},"type":"cond-expr","locations":[{"start":{"line":184,"column":42},"end":{"line":184,"column":44}},{"start":{"line":184,"column":30},"end":{"line":185,"column":null}}]},"20":{"loc":{"start":{"line":184,"column":30},"end":{"line":184,"column":44}},"type":"binary-expr","locations":[{"start":{"line":184,"column":30},"end":{"line":184,"column":44}},{"start":{"line":184,"column":30},"end":{"line":184,"column":44}}]},"21":{"loc":{"start":{"line":187,"column":6},"end":{"line":189,"column":null}},"type":"if","locations":[{"start":{"line":187,"column":6},"end":{"line":189,"column":null}}]},"22":{"loc":{"start":{"line":187,"column":11},"end":{"line":187,"column":46}},"type":"cond-expr","locations":[{"start":{"line":187,"column":26},"end":{"line":187,"column":28}},{"start":{"line":187,"column":11},"end":{"line":187,"column":46}}]},"23":{"loc":{"start":{"line":187,"column":11},"end":{"line":187,"column":28}},"type":"binary-expr","locations":[{"start":{"line":187,"column":11},"end":{"line":187,"column":28}},{"start":{"line":187,"column":11},"end":{"line":187,"column":28}}]}},"s":{"0":1,"1":1,"2":1,"3":1,"4":1,"5":1,"6":1,"7":1,"8":1,"9":1,"10":1,"11":1,"12":0,"13":0,"14":0,"15":0,"16":0,"17":0,"18":0,"19":0,"20":0,"21":0,"22":0,"23":0,"24":0,"25":0,"26":0,"27":1,"28":0,"29":0,"30":0,"31":0,"32":0,"33":1,"34":0,"35":0,"36":0,"37":0,"38":0,"39":0,"40":0,"41":0,"42":1,"43":0,"44":0,"45":0,"46":0,"47":0,"48":0,"49":0,"50":0,"51":0,"52":0,"53":1,"54":0,"55":0,"56":0,"57":0,"58":0,"59":0,"60":0,"61":0,"62":0,"63":0,"64":0,"65":0,"66":0,"67":0,"68":0,"69":0,"70":1,"71":0,"72":0,"73":0,"74":0,"75":0,"76":0,"77":0,"78":0,"79":1,"80":0,"81":0,"82":0,"83":0,"84":0,"85":0,"86":0,"87":0,"88":0,"89":0,"90":0,"91":0,"92":0,"93":0,"94":1},"f":{"0":0,"1":0,"2":0,"3":0,"4":0,"5":0,"6":0,"7":0,"8":0,"9":0,"10":0,"11":0,"12":0,"13":0,"14":0,"15":0},"b":{"0":[0],"1":[0],"2":[0],"3":[0],"4":[0],"5":[0,0],"6":[0,0],"7":[0,0],"8":[0,0],"9":[0],"10":[0,0],"11":[0,0],"12":[0],"13":[0,0],"14":[0,0],"15":[0],"16":[0,0],"17":[0,0],"18":[0],"19":[0,0],"20":[0,0],"21":[0],"22":[0,0],"23":[0,0]}}
,"/Users/alexandraclaudiabrad/Documents/Study/Projects/authentication-app/server/src/routes/users.ts": {"path":"/Users/alexandraclaudiabrad/Documents/Study/Projects/authentication-app/server/src/routes/users.ts","statementMap":{"0":{"start":{"line":1,"column":0},"end":{"line":1,"column":30}},"1":{"start":{"line":3,"column":0},"end":{"line":3,"column":35}},"2":{"start":{"line":5,"column":0},"end":{"line":5,"column":52}},"3":{"start":{"line":7,"column":19},"end":{"line":7,"column":35}},"4":{"start":{"line":9,"column":20},"end":{"line":9,"column":47}},"5":{"start":{"line":11,"column":0},"end":{"line":18,"column":3}},"6":{"start":{"line":11,"column":68},"end":{"line":18,"column":2}},"7":{"start":{"line":12,"column":2},"end":{"line":17,"column":null}},"8":{"start":{"line":13,"column":19},"end":{"line":13,"column":50}},"9":{"start":{"line":14,"column":4},"end":{"line":14,"column":40}},"10":{"start":{"line":16,"column":4},"end":{"line":16,"column":15}},"11":{"start":{"line":20,"column":0},"end":{"line":29,"column":3}},"12":{"start":{"line":20,"column":71},"end":{"line":29,"column":2}},"13":{"start":{"line":21,"column":2},"end":{"line":28,"column":null}},"14":{"start":{"line":22,"column":19},"end":{"line":22,"column":29}},"15":{"start":{"line":24,"column":19},"end":{"line":24,"column":52}},"16":{"start":{"line":25,"column":4},"end":{"line":25,"column":40}},"17":{"start":{"line":27,"column":4},"end":{"line":27,"column":17}},"18":{"start":{"line":31,"column":0},"end":{"line":31,"column":26}}},"fnMap":{"0":{"name":"(anonymous_8)","decl":{"start":{"line":11,"column":29},"end":{"line":11,"column":36}},"loc":{"start":{"line":11,"column":68},"end":{"line":18,"column":2}}},"1":{"name":"(anonymous_9)","decl":{"start":{"line":11,"column":68},"end":{"line":11,"column":null}},"loc":{"start":{"line":11,"column":68},"end":{"line":18,"column":1}}},"2":{"name":"(anonymous_10)","decl":{"start":{"line":20,"column":33},"end":{"line":20,"column":40}},"loc":{"start":{"line":20,"column":71},"end":{"line":29,"column":2}}},"3":{"name":"(anonymous_11)","decl":{"start":{"line":20,"column":71},"end":{"line":20,"column":null}},"loc":{"start":{"line":20,"column":71},"end":{"line":29,"column":1}}}},"branchMap":{},"s":{"0":1,"1":1,"2":1,"3":1,"4":1,"5":1,"6":0,"7":0,"8":0,"9":0,"10":0,"11":1,"12":0,"13":0,"14":0,"15":0,"16":0,"17":0,"18":1},"f":{"0":0,"1":0,"2":0,"3":0},"b":{}}
,"/Users/alexandraclaudiabrad/Documents/Study/Projects/authentication-app/server/src/services/AuthService.ts": {"path":"/Users/alexandraclaudiabrad/Documents/Study/Projects/authentication-app/server/src/services/AuthService.ts","statementMap":{"0":{"start":{"line":1,"column":0},"end":{"line":1,"column":52}},"1":{"start":{"line":2,"column":0},"end":{"line":2,"column":28}},"2":{"start":{"line":3,"column":0},"end":{"line":3,"column":31}},"3":{"start":{"line":4,"column":0},"end":{"line":4,"column":34}},"4":{"start":{"line":7,"column":0},"end":{"line":7,"column":42}},"5":{"start":{"line":9,"column":0},"end":{"line":9,"column":null}},"6":{"start":{"line":15,"column":19},"end":{"line":15,"column":36}},"7":{"start":{"line":16,"column":0},"end":{"line":81,"column":null}},"8":{"start":{"line":18,"column":32},"end":{"line":18,"column":45}},"9":{"start":{"line":20,"column":2},"end":{"line":52,"column":4}},"10":{"start":{"line":20,"column":62},"end":{"line":52,"column":4}},"11":{"start":{"line":21,"column":43},"end":{"line":21,"column":50}},"12":{"start":{"line":23,"column":4},"end":{"line":25,"column":null}},"13":{"start":{"line":24,"column":6},"end":{"line":24,"column":45}},"14":{"start":{"line":27,"column":32},"end":{"line":27,"column":76}},"15":{"start":{"line":28,"column":4},"end":{"line":30,"column":null}},"16":{"start":{"line":29,"column":6},"end":{"line":29,"column":40}},"17":{"start":{"line":32,"column":35},"end":{"line":33,"column":null}},"18":{"start":{"line":35,"column":4},"end":{"line":40,"column":null}},"19":{"start":{"line":39,"column":6},"end":{"line":39,"column":44}},"20":{"start":{"line":42,"column":17},"end":{"line":42,"column":39}},"21":{"start":{"line":43,"column":25},"end":{"line":43,"column":58}},"22":{"start":{"line":45,"column":4},"end":{"line":49,"column":7}},"23":{"start":{"line":51,"column":4},"end":{"line":51,"column":32}},"24":{"start":{"line":54,"column":2},"end":{"line":80,"column":4}},"25":{"start":{"line":54,"column":64},"end":{"line":80,"column":4}},"26":{"start":{"line":55,"column":32},"end":{"line":55,"column":39}},"27":{"start":{"line":57,"column":4},"end":{"line":59,"column":null}},"28":{"start":{"line":58,"column":6},"end":{"line":58,"column":45}},"29":{"start":{"line":61,"column":32},"end":{"line":62,"column":null}},"30":{"start":{"line":64,"column":4},"end":{"line":66,"column":null}},"31":{"start":{"line":65,"column":6},"end":{"line":65,"column":47}},"32":{"start":{"line":68,"column":20},"end":{"line":70,"column":null}},"33":{"start":{"line":72,"column":4},"end":{"line":74,"column":null}},"34":{"start":{"line":73,"column":6},"end":{"line":73,"column":53}},"35":{"start":{"line":76,"column":23},"end":{"line":78,"column":6}},"36":{"start":{"line":79,"column":4},"end":{"line":79,"column":22}},"37":{"start":{"line":17,"column":21},"end":{"line":81,"column":null}},"38":{"start":{"line":17,"column":21},"end":{"line":17,"column":null}}},"fnMap":{"0":{"name":"(anonymous_12)","decl":{"start":{"line":18,"column":2},"end":{"line":18,"column":15}},"loc":{"start":{"line":18,"column":57},"end":{"line":18,"column":61}}},"1":{"name":"(anonymous_13)","decl":{"start":{"line":20,"column":13},"end":{"line":20,"column":20}},"loc":{"start":{"line":20,"column":62},"end":{"line":52,"column":4}}},"2":{"name":"(anonymous_14)","decl":{"start":{"line":20,"column":62},"end":{"line":20,"column":null}},"loc":{"start":{"line":20,"column":62},"end":{"line":52,"column":3}}},"3":{"name":"(anonymous_15)","decl":{"start":{"line":54,"column":10},"end":{"line":54,"column":17}},"loc":{"start":{"line":54,"column":64},"end":{"line":80,"column":4}}},"4":{"name":"(anonymous_16)","decl":{"start":{"line":54,"column":64},"end":{"line":54,"column":null}},"loc":{"start":{"line":54,"column":64},"end":{"line":80,"column":3}}}},"branchMap":{"0":{"loc":{"start":{"line":23,"column":4},"end":{"line":25,"column":null}},"type":"if","locations":[{"start":{"line":23,"column":4},"end":{"line":25,"column":null}}]},"1":{"loc":{"start":{"line":23,"column":8},"end":{"line":23,"column":41}},"type":"binary-expr","locations":[{"start":{"line":23,"column":8},"end":{"line":23,"column":18}},{"start":{"line":23,"column":22},"end":{"line":23,"column":28}},{"start":{"line":23,"column":32},"end":{"line":23,"column":41}}]},"2":{"loc":{"start":{"line":28,"column":4},"end":{"line":30,"column":null}},"type":"if","locations":[{"start":{"line":28,"column":4},"end":{"line":30,"column":null}}]},"3":{"loc":{"start":{"line":28,"column":8},"end":{"line":28,"column":34}},"type":"cond-expr","locations":[{"start":{"line":28,"column":27},"end":{"line":28,"column":29}},{"start":{"line":28,"column":8},"end":{"line":28,"column":34}}]},"4":{"loc":{"start":{"line":28,"column":8},"end":{"line":28,"column":29}},"type":"binary-expr","locations":[{"start":{"line":28,"column":8},"end":{"line":28,"column":29}},{"start":{"line":28,"column":8},"end":{"line":28,"column":29}}]},"5":{"loc":{"start":{"line":35,"column":4},"end":{"line":40,"column":null}},"type":"if","locations":[{"start":{"line":35,"column":4},"end":{"line":40,"column":null}}]},"6":{"loc":{"start":{"line":36,"column":6},"end":{"line":36,"column":53}},"type":"cond-expr","locations":[{"start":{"line":36,"column":28},"end":{"line":36,"column":30}},{"start":{"line":36,"column":6},"end":{"line":36,"column":53}}]},"7":{"loc":{"start":{"line":36,"column":6},"end":{"line":36,"column":30}},"type":"binary-expr","locations":[{"start":{"line":36,"column":6},"end":{"line":36,"column":30}},{"start":{"line":36,"column":6},"end":{"line":36,"column":30}}]},"8":{"loc":{"start":{"line":57,"column":4},"end":{"line":59,"column":null}},"type":"if","locations":[{"start":{"line":57,"column":4},"end":{"line":59,"column":null}}]},"9":{"loc":{"start":{"line":57,"column":10},"end":{"line":57,"column":27}},"type":"binary-expr","locations":[{"start":{"line":57,"column":10},"end":{"line":57,"column":15}},{"start":{"line":57,"column":19},"end":{"line":57,"column":27}}]},"10":{"loc":{"start":{"line":64,"column":4},"end":{"line":66,"column":null}},"type":"if","locations":[{"start":{"line":64,"column":4},"end":{"line":66,"column":null}}]},"11":{"loc":{"start":{"line":72,"column":4},"end":{"line":74,"column":null}},"type":"if","locations":[{"start":{"line":72,"column":4},"end":{"line":74,"column":null}}]}},"s":{"0":1,"1":1,"2":1,"3":1,"4":1,"5":1,"6":1,"7":1,"8":1,"9":1,"10":3,"11":3,"12":3,"13":3,"14":0,"15":0,"16":0,"17":0,"18":0,"19":0,"20":0,"21":0,"22":0,"23":0,"24":1,"25":0,"26":0,"27":0,"28":0,"29":0,"30":0,"31":0,"32":0,"33":0,"34":0,"35":0,"36":0,"37":1,"38":1},"f":{"0":1,"1":3,"2":3,"3":0,"4":0},"b":{"0":[3],"1":[3,2,1],"2":[0],"3":[0,0],"4":[0,0],"5":[0],"6":[0,0],"7":[0,0],"8":[0],"9":[0,0],"10":[0],"11":[0]}}
,"/Users/alexandraclaudiabrad/Documents/Study/Projects/authentication-app/server/src/services/TeamService.ts": {"path":"/Users/alexandraclaudiabrad/Documents/Study/Projects/authentication-app/server/src/services/TeamService.ts","statementMap":{"0":{"start":{"line":1,"column":0},"end":{"line":1,"column":44}},"1":{"start":{"line":3,"column":0},"end":{"line":3,"column":78}},"2":{"start":{"line":9,"column":0},"end":{"line":46,"column":null}},"3":{"start":{"line":10,"column":10},"end":{"line":10,"column":62}},"4":{"start":{"line":12,"column":2},"end":{"line":17,"column":4}},"5":{"start":{"line":12,"column":38},"end":{"line":17,"column":4}},"6":{"start":{"line":13,"column":4},"end":{"line":16,"column":7}},"7":{"start":{"line":19,"column":2},"end":{"line":21,"column":4}},"8":{"start":{"line":19,"column":27},"end":{"line":21,"column":4}},"9":{"start":{"line":20,"column":4},"end":{"line":20,"column":48}},"10":{"start":{"line":23,"column":2},"end":{"line":25,"column":4}},"11":{"start":{"line":23,"column":62},"end":{"line":25,"column":4}},"12":{"start":{"line":24,"column":4},"end":{"line":24,"column":49}},"13":{"start":{"line":27,"column":2},"end":{"line":29,"column":4}},"14":{"start":{"line":27,"column":64},"end":{"line":29,"column":4}},"15":{"start":{"line":28,"column":4},"end":{"line":28,"column":51}},"16":{"start":{"line":31,"column":2},"end":{"line":33,"column":4}},"17":{"start":{"line":31,"column":54},"end":{"line":33,"column":4}},"18":{"start":{"line":32,"column":4},"end":{"line":32,"column":54}},"19":{"start":{"line":35,"column":2},"end":{"line":37,"column":4}},"20":{"start":{"line":35,"column":58},"end":{"line":37,"column":4}},"21":{"start":{"line":36,"column":4},"end":{"line":36,"column":59}},"22":{"start":{"line":39,"column":2},"end":{"line":41,"column":4}},"23":{"start":{"line":39,"column":36},"end":{"line":41,"column":4}},"24":{"start":{"line":40,"column":4},"end":{"line":40,"column":48}},"25":{"start":{"line":43,"column":2},"end":{"line":45,"column":4}},"26":{"start":{"line":43,"column":66},"end":{"line":45,"column":4}},"27":{"start":{"line":44,"column":4},"end":{"line":44,"column":62}},"28":{"start":{"line":9,"column":21},"end":{"line":46,"column":null}},"29":{"start":{"line":9,"column":21},"end":{"line":9,"column":null}}},"fnMap":{"0":{"name":"(anonymous_9)","decl":{"start":{"line":9,"column":0},"end":{"line":9,"column":21}},"loc":{"start":{"line":9,"column":0},"end":{"line":46,"column":1}}},"1":{"name":"(anonymous_10)","decl":{"start":{"line":12,"column":13},"end":{"line":12,"column":20}},"loc":{"start":{"line":12,"column":38},"end":{"line":17,"column":4}}},"2":{"name":"(anonymous_11)","decl":{"start":{"line":12,"column":38},"end":{"line":12,"column":null}},"loc":{"start":{"line":12,"column":38},"end":{"line":17,"column":3}}},"3":{"name":"(anonymous_12)","decl":{"start":{"line":19,"column":16},"end":{"line":19,"column":25}},"loc":{"start":{"line":19,"column":27},"end":{"line":21,"column":4}}},"4":{"name":"(anonymous_13)","decl":{"start":{"line":19,"column":27},"end":{"line":19,"column":null}},"loc":{"start":{"line":19,"column":27},"end":{"line":21,"column":3}}},"5":{"name":"(anonymous_14)","decl":{"start":{"line":23,"column":16},"end":{"line":23,"column":23}},"loc":{"start":{"line":23,"column":62},"end":{"line":25,"column":4}}},"6":{"name":"(anonymous_15)","decl":{"start":{"line":23,"column":62},"end":{"line":23,"column":null}},"loc":{"start":{"line":23,"column":62},"end":{"line":25,"column":3}}},"7":{"name":"(anonymous_16)","decl":{"start":{"line":27,"column":18},"end":{"line":27,"column":25}},"loc":{"start":{"line":27,"column":64},"end":{"line":29,"column":4}}},"8":{"name":"(anonymous_17)","decl":{"start":{"line":27,"column":64},"end":{"line":27,"column":null}},"loc":{"start":{"line":27,"column":64},"end":{"line":29,"column":3}}},"9":{"name":"(anonymous_18)","decl":{"start":{"line":31,"column":19},"end":{"line":31,"column":26}},"loc":{"start":{"line":31,"column":54},"end":{"line":33,"column":4}}},"10":{"name":"(anonymous_19)","decl":{"start":{"line":31,"column":54},"end":{"line":31,"column":null}},"loc":{"start":{"line":31,"column":54},"end":{"line":33,"column":3}}},"11":{"name":"(anonymous_20)","decl":{"start":{"line":35,"column":20},"end":{"line":35,"column":27}},"loc":{"start":{"line":35,"column":58},"end":{"line":37,"column":4}}},"12":{"name":"(anonymous_21)","decl":{"start":{"line":35,"column":58},"end":{"line":35,"column":null}},"loc":{"start":{"line":35,"column":58},"end":{"line":37,"column":3}}},"13":{"name":"(anonymous_22)","decl":{"start":{"line":39,"column":15},"end":{"line":39,"column":22}},"loc":{"start":{"line":39,"column":36},"end":{"line":41,"column":4}}},"14":{"name":"(anonymous_23)","decl":{"start":{"line":39,"column":36},"end":{"line":39,"column":null}},"loc":{"start":{"line":39,"column":36},"end":{"line":41,"column":3}}},"15":{"name":"(anonymous_24)","decl":{"start":{"line":43,"column":25},"end":{"line":43,"column":32}},"loc":{"start":{"line":43,"column":66},"end":{"line":45,"column":4}}},"16":{"name":"(anonymous_25)","decl":{"start":{"line":43,"column":66},"end":{"line":43,"column":null}},"loc":{"start":{"line":43,"column":66},"end":{"line":45,"column":3}}}},"branchMap":{},"s":{"0":1,"1":1,"2":1,"3":1,"4":1,"5":0,"6":0,"7":1,"8":0,"9":0,"10":1,"11":0,"12":0,"13":1,"14":0,"15":0,"16":1,"17":0,"18":0,"19":1,"20":0,"21":0,"22":1,"23":0,"24":0,"25":1,"26":0,"27":0,"28":1,"29":1},"f":{"0":1,"1":0,"2":0,"3":0,"4":0,"5":0,"6":0,"7":0,"8":0,"9":0,"10":0,"11":0,"12":0,"13":0,"14":0,"15":0,"16":0},"b":{}}
,"/Users/alexandraclaudiabrad/Documents/Study/Projects/authentication-app/server/src/services/UsersService.ts": {"path":"/Users/alexandraclaudiabrad/Documents/Study/Projects/authentication-app/server/src/services/UsersService.ts","statementMap":{"0":{"start":{"line":1,"column":0},"end":{"line":1,"column":44}},"1":{"start":{"line":3,"column":0},"end":{"line":3,"column":78}},"2":{"start":{"line":7,"column":0},"end":{"line":38,"column":null}},"3":{"start":{"line":15,"column":2},"end":{"line":17,"column":4}},"4":{"start":{"line":15,"column":38},"end":{"line":17,"column":4}},"5":{"start":{"line":16,"column":4},"end":{"line":16,"column":53}},"6":{"start":{"line":19,"column":2},"end":{"line":21,"column":4}},"7":{"start":{"line":19,"column":47},"end":{"line":21,"column":4}},"8":{"start":{"line":20,"column":4},"end":{"line":20,"column":48}},"9":{"start":{"line":23,"column":2},"end":{"line":25,"column":4}},"10":{"start":{"line":23,"column":68},"end":{"line":25,"column":4}},"11":{"start":{"line":24,"column":4},"end":{"line":24,"column":55}},"12":{"start":{"line":27,"column":2},"end":{"line":29,"column":4}},"13":{"start":{"line":27,"column":75},"end":{"line":29,"column":4}},"14":{"start":{"line":28,"column":4},"end":{"line":28,"column":62}},"15":{"start":{"line":31,"column":2},"end":{"line":33,"column":4}},"16":{"start":{"line":31,"column":62},"end":{"line":33,"column":4}},"17":{"start":{"line":32,"column":4},"end":{"line":32,"column":49}},"18":{"start":{"line":35,"column":2},"end":{"line":37,"column":4}},"19":{"start":{"line":35,"column":70},"end":{"line":37,"column":4}},"20":{"start":{"line":36,"column":4},"end":{"line":36,"column":59}},"21":{"start":{"line":12,"column":4},"end":{"line":12,"column":61}},"22":{"start":{"line":8,"column":21},"end":{"line":38,"column":null}},"23":{"start":{"line":8,"column":21},"end":{"line":8,"column":null}}},"fnMap":{"0":{"name":"(anonymous_10)","decl":{"start":{"line":11,"column":2},"end":{"line":11,"column":null}},"loc":{"start":{"line":11,"column":2},"end":{"line":13,"column":3}}},"1":{"name":"(anonymous_11)","decl":{"start":{"line":15,"column":13},"end":{"line":15,"column":20}},"loc":{"start":{"line":15,"column":38},"end":{"line":17,"column":4}}},"2":{"name":"(anonymous_12)","decl":{"start":{"line":15,"column":38},"end":{"line":15,"column":null}},"loc":{"start":{"line":15,"column":38},"end":{"line":17,"column":3}}},"3":{"name":"(anonymous_13)","decl":{"start":{"line":19,"column":16},"end":{"line":19,"column":45}},"loc":{"start":{"line":19,"column":47},"end":{"line":21,"column":4}}},"4":{"name":"(anonymous_14)","decl":{"start":{"line":19,"column":47},"end":{"line":19,"column":null}},"loc":{"start":{"line":19,"column":47},"end":{"line":21,"column":3}}},"5":{"name":"(anonymous_15)","decl":{"start":{"line":23,"column":19},"end":{"line":23,"column":26}},"loc":{"start":{"line":23,"column":68},"end":{"line":25,"column":4}}},"6":{"name":"(anonymous_16)","decl":{"start":{"line":23,"column":68},"end":{"line":23,"column":null}},"loc":{"start":{"line":23,"column":68},"end":{"line":25,"column":3}}},"7":{"name":"(anonymous_17)","decl":{"start":{"line":27,"column":22},"end":{"line":27,"column":29}},"loc":{"start":{"line":27,"column":75},"end":{"line":29,"column":4}}},"8":{"name":"(anonymous_18)","decl":{"start":{"line":27,"column":75},"end":{"line":27,"column":null}},"loc":{"start":{"line":27,"column":75},"end":{"line":29,"column":3}}},"9":{"name":"(anonymous_19)","decl":{"start":{"line":31,"column":16},"end":{"line":31,"column":23}},"loc":{"start":{"line":31,"column":62},"end":{"line":33,"column":4}}},"10":{"name":"(anonymous_20)","decl":{"start":{"line":31,"column":62},"end":{"line":31,"column":null}},"loc":{"start":{"line":31,"column":62},"end":{"line":33,"column":3}}},"11":{"name":"(anonymous_21)","decl":{"start":{"line":35,"column":23},"end":{"line":35,"column":30}},"loc":{"start":{"line":35,"column":70},"end":{"line":37,"column":4}}},"12":{"name":"(anonymous_22)","decl":{"start":{"line":35,"column":70},"end":{"line":35,"column":null}},"loc":{"start":{"line":35,"column":70},"end":{"line":37,"column":3}}}},"branchMap":{},"s":{"0":3,"1":3,"2":3,"3":4,"4":0,"5":0,"6":4,"7":0,"8":0,"9":4,"10":1,"11":1,"12":4,"13":0,"14":0,"15":4,"16":0,"17":0,"18":4,"19":0,"20":0,"21":4,"22":3,"23":3},"f":{"0":4,"1":0,"2":0,"3":0,"4":0,"5":1,"6":1,"7":0,"8":0,"9":0,"10":0,"11":0,"12":0},"b":{}}
,"/Users/alexandraclaudiabrad/Documents/Study/Projects/authentication-app/server/src/utils/constants/validations.ts": {"path":"/Users/alexandraclaudiabrad/Documents/Study/Projects/authentication-app/server/src/utils/constants/validations.ts","statementMap":{"0":{"start":{"line":1,"column":0},"end":{"line":1,"column":null}},"1":{"start":{"line":2,"column":2},"end":{"line":2,"column":null}},"2":{"start":{"line":3,"column":2},"end":{"line":3,"column":null}},"3":{"start":{"line":4,"column":2},"end":{"line":4,"column":null}},"4":{"start":{"line":7,"column":0},"end":{"line":7,"column":null}},"5":{"start":{"line":8,"column":2},"end":{"line":8,"column":null}},"6":{"start":{"line":9,"column":2},"end":{"line":9,"column":null}},"7":{"start":{"line":10,"column":2},"end":{"line":10,"column":null}},"8":{"start":{"line":11,"column":2},"end":{"line":11,"column":null}},"9":{"start":{"line":14,"column":0},"end":{"line":14,"column":null}},"10":{"start":{"line":15,"column":2},"end":{"line":15,"column":null}},"11":{"start":{"line":16,"column":2},"end":{"line":16,"column":null}},"12":{"start":{"line":17,"column":2},"end":{"line":17,"column":null}},"13":{"start":{"line":18,"column":2},"end":{"line":18,"column":null}},"14":{"start":{"line":19,"column":2},"end":{"line":19,"column":null}},"15":{"start":{"line":20,"column":2},"end":{"line":20,"column":null}},"16":{"start":{"line":23,"column":0},"end":{"line":23,"column":null}},"17":{"start":{"line":24,"column":2},"end":{"line":24,"column":null}},"18":{"start":{"line":25,"column":2},"end":{"line":25,"column":null}},"19":{"start":{"line":26,"column":2},"end":{"line":26,"column":null}},"20":{"start":{"line":27,"column":2},"end":{"line":27,"column":null}},"21":{"start":{"line":28,"column":2},"end":{"line":28,"column":null}},"22":{"start":{"line":29,"column":2},"end":{"line":29,"column":null}}},"fnMap":{"0":{"name":"(anonymous_0)","decl":{"start":{"line":1,"column":0},"end":{"line":1,"column":12}},"loc":{"start":{"line":1,"column":30},"end":{"line":5,"column":1}}},"1":{"name":"(anonymous_1)","decl":{"start":{"line":7,"column":0},"end":{"line":7,"column":12}},"loc":{"start":{"line":7,"column":27},"end":{"line":12,"column":1}}},"2":{"name":"(anonymous_2)","decl":{"start":{"line":14,"column":0},"end":{"line":14,"column":12}},"loc":{"start":{"line":14,"column":27},"end":{"line":21,"column":1}}},"3":{"name":"(anonymous_3)","decl":{"start":{"line":23,"column":0},"end":{"line":23,"column":12}},"loc":{"start":{"line":23,"column":19},"end":{"line":30,"column":1}}}},"branchMap":{"0":{"loc":{"start":{"line":1,"column":12},"end":{"line":1,"column":null}},"type":"binary-expr","locations":[{"start":{"line":1,"column":12},"end":{"line":1,"column":30}},{"start":{"line":1,"column":12},"end":{"line":1,"column":null}}]},"1":{"loc":{"start":{"line":7,"column":12},"end":{"line":7,"column":null}},"type":"binary-expr","locations":[{"start":{"line":7,"column":12},"end":{"line":7,"column":27}},{"start":{"line":7,"column":12},"end":{"line":7,"column":null}}]},"2":{"loc":{"start":{"line":14,"column":12},"end":{"line":14,"column":null}},"type":"binary-expr","locations":[{"start":{"line":14,"column":12},"end":{"line":14,"column":27}},{"start":{"line":14,"column":12},"end":{"line":14,"column":null}}]},"3":{"loc":{"start":{"line":23,"column":12},"end":{"line":23,"column":null}},"type":"binary-expr","locations":[{"start":{"line":23,"column":12},"end":{"line":23,"column":19}},{"start":{"line":23,"column":12},"end":{"line":23,"column":null}}]}},"s":{"0":3,"1":3,"2":3,"3":3,"4":3,"5":3,"6":3,"7":3,"8":3,"9":3,"10":3,"11":3,"12":3,"13":3,"14":3,"15":3,"16":3,"17":3,"18":3,"19":3,"20":3,"21":3,"22":3},"f":{"0":3,"1":3,"2":3,"3":3},"b":{"0":[3,3],"1":[3,3],"2":[3,3],"3":[3,3]}}
}
