TN:
SF:config/index.ts
FNF:0
FNH:0
DA:1,2
DA:3,2
DA:5,2
LF:3
LH:3
BRF:0
BRH:0
end_of_record
TN:
SF:src/dataBase/connectionDB.ts
FNF:0
FNH:0
DA:1,1
DA:2,1
DA:4,1
DA:5,1
DA:7,1
DA:8,1
DA:10,1
DA:21,1
LF:8
LH:8
BRF:0
BRH:0
end_of_record
TN:
SF:src/dataBase/entities/Team.ts
FN:22,(anonymous_3)
FN:22,(anonymous_4)
FN:28,(anonymous_5)
FN:28,(anonymous_6)
FNF:4
FNH:0
FNDA:0,(anonymous_3)
FNDA:0,(anonymous_4)
FNDA:0,(anonymous_5)
FNDA:0,(anonymous_6)
DA:1,1
DA:11,1
DA:14,1
DA:16,1
DA:19,1
DA:22,0
DA:26,1
DA:28,0
DA:32,1
LF:9
LH:7
BRF:0
BRH:0
end_of_record
TN:
SF:src/dataBase/entities/User.ts
FN:26,(anonymous_3)
FN:26,(anonymous_4)
FN:29,(anonymous_5)
FN:29,(anonymous_6)
FNF:4
FNH:0
FNDA:0,(anonymous_3)
FNDA:0,(anonymous_4)
FNDA:0,(anonymous_5)
FNDA:0,(anonymous_6)
DA:1,1
DA:9,1
DA:12,1
DA:14,1
DA:17,1
DA:20,1
DA:23,1
DA:26,0
DA:27,1
DA:29,0
DA:30,1
LF:11
LH:9
BRF:0
BRH:0
end_of_record
TN:
SF:src/middlewares/authorization.ts
FN:9,(anonymous_1)
FNF:1
FNH:1
FNDA:1,(anonymous_1)
DA:2,1
DA:3,1
DA:5,1
DA:7,1
DA:9,1
DA:10,1
DA:12,1
DA:13,1
DA:16,0
DA:17,0
DA:18,0
DA:20,0
DA:22,0
DA:27,1
LF:14
LH:9
BRDA:12,0,0,1
BRDA:12,0,1,0
BRDA:13,1,0,1
BRDA:13,1,1,0
BRDA:13,2,0,1
BRDA:13,2,1,1
BRF:6
BRH:4
end_of_record
TN:
SF:src/repositories/PostgressUserRepository.ts
FN:15,(anonymous_10)
FN:19,(anonymous_11)
FN:19,(anonymous_12)
FN:25,(anonymous_13)
FN:25,(anonymous_14)
FN:39,(anonymous_15)
FN:39,(anonymous_16)
FN:57,(anonymous_17)
FN:57,(anonymous_18)
FN:75,(anonymous_19)
FN:75,(anonymous_20)
FN:94,(anonymous_21)
FN:94,(anonymous_22)
FNF:13
FNH:1
FNDA:1,(anonymous_10)
FNDA:0,(anonymous_11)
FNDA:0,(anonymous_12)
FNDA:0,(anonymous_13)
FNDA:0,(anonymous_14)
FNDA:0,(anonymous_15)
FNDA:0,(anonymous_16)
FNDA:0,(anonymous_17)
FNDA:0,(anonymous_18)
FNDA:0,(anonymous_19)
FNDA:0,(anonymous_20)
FNDA:0,(anonymous_21)
FNDA:0,(anonymous_22)
DA:1,1
DA:4,1
DA:5,1
DA:11,1
DA:12,1
DA:16,1
DA:19,1
DA:20,0
DA:22,0
DA:25,1
DA:26,0
DA:36,0
DA:39,1
DA:40,0
DA:51,0
DA:52,0
DA:54,0
DA:57,1
DA:58,0
DA:69,0
DA:70,0
DA:72,0
DA:75,1
DA:76,0
DA:87,0
DA:88,0
DA:90,0
DA:94,1
DA:95,0
DA:102,0
DA:103,0
DA:105,0
LF:32
LH:12
BRDA:51,0,0,0
BRDA:69,1,0,0
BRDA:87,2,0,0
BRDA:102,3,0,0
BRF:4
BRH:0
end_of_record
TN:
SF:src/services/AuthService.ts
FN:20,(anonymous_10)
FN:24,(anonymous_11)
FN:24,(anonymous_12)
FN:58,(anonymous_13)
FN:58,(anonymous_14)
FNF:5
FNH:1
FNDA:1,(anonymous_10)
FNDA:0,(anonymous_11)
FNDA:0,(anonymous_12)
FNDA:0,(anonymous_13)
FNDA:0,(anonymous_14)
DA:1,1
DA:2,1
DA:3,1
DA:4,1
DA:7,1
DA:9,1
DA:15,1
DA:16,1
DA:17,1
DA:21,1
DA:24,1
DA:25,0
DA:27,0
DA:28,0
DA:31,0
DA:32,0
DA:33,0
DA:36,0
DA:39,0
DA:43,0
DA:46,0
DA:47,0
DA:49,0
DA:55,0
DA:58,1
DA:59,0
DA:61,0
DA:62,0
DA:65,0
DA:68,0
DA:69,0
DA:72,0
DA:76,0
DA:77,0
DA:80,0
DA:83,0
LF:36
LH:12
BRDA:27,0,0,0
BRDA:27,1,0,0
BRDA:27,1,1,0
BRDA:27,1,2,0
BRDA:32,2,0,0
BRDA:32,3,0,0
BRDA:32,3,1,0
BRDA:32,4,0,0
BRDA:32,4,1,0
BRDA:39,5,0,0
BRDA:40,6,0,0
BRDA:40,6,1,0
BRDA:40,7,0,0
BRDA:40,7,1,0
BRDA:61,8,0,0
BRDA:61,9,0,0
BRDA:61,9,1,0
BRDA:68,10,0,0
BRDA:76,11,0,0
BRF:19
BRH:0
end_of_record
TN:
SF:src/services/UsersService.ts
FN:11,(anonymous_10)
FN:15,(anonymous_11)
FN:15,(anonymous_12)
FN:19,(anonymous_13)
FN:19,(anonymous_14)
FN:23,(anonymous_15)
FN:23,(anonymous_16)
FN:27,(anonymous_17)
FN:27,(anonymous_18)
FN:31,(anonymous_19)
FN:31,(anonymous_20)
FN:35,(anonymous_21)
FN:35,(anonymous_22)
FNF:13
FNH:1
FNDA:1,(anonymous_10)
FNDA:0,(anonymous_11)
FNDA:0,(anonymous_12)
FNDA:0,(anonymous_13)
FNDA:0,(anonymous_14)
FNDA:0,(anonymous_15)
FNDA:0,(anonymous_16)
FNDA:0,(anonymous_17)
FNDA:0,(anonymous_18)
FNDA:0,(anonymous_19)
FNDA:0,(anonymous_20)
FNDA:0,(anonymous_21)
FNDA:0,(anonymous_22)
DA:1,1
DA:3,1
DA:7,1
DA:8,1
DA:12,1
DA:15,1
DA:16,0
DA:19,1
DA:20,0
DA:23,1
DA:24,0
DA:27,1
DA:28,0
DA:31,1
DA:32,0
DA:35,1
DA:36,0
LF:17
LH:11
BRF:0
BRH:0
end_of_record
TN:
SF:src/utils/constants/validations.ts
FN:1,(anonymous_0)
FN:7,(anonymous_1)
FN:14,(anonymous_2)
FN:23,(anonymous_3)
FNF:4
FNH:4
FNDA:2,(anonymous_0)
FNDA:2,(anonymous_1)
FNDA:2,(anonymous_2)
FNDA:2,(anonymous_3)
DA:1,2
DA:2,2
DA:3,2
DA:4,2
DA:7,2
DA:8,2
DA:9,2
DA:10,2
DA:11,2
DA:14,2
DA:15,2
DA:16,2
DA:17,2
DA:18,2
DA:19,2
DA:20,2
DA:23,2
DA:24,2
DA:25,2
DA:26,2
DA:27,2
DA:28,2
DA:29,2
LF:23
LH:23
BRDA:1,0,0,2
BRDA:1,0,1,2
BRDA:7,1,0,2
BRDA:7,1,1,2
BRDA:14,2,0,2
BRDA:14,2,1,2
BRDA:23,3,0,2
BRDA:23,3,1,2
BRF:8
BRH:8
end_of_record
